# JRE version: Java(TM) SE Runtime Environment (8.0_131-b11) (build 1.8.0_131-b11)
# Java VM: Java HotSpot(TM) 64-Bit Server VM (25.131-b11 mixed mode windows-amd64 compressed oops)
Heap:
 PSYoungGen      total 172032K, used 97966K [0x000000076b600000, 0x000000077b300000, 0x00000007c0000000)
  eden space 157184K, 62% used [0x000000076b600000,0x00000007715ab890,0x0000000774f80000)
  from space 14848K, 0% used [0x000000077a480000,0x000000077a480000,0x000000077b300000)
  to   space 11776K, 0% used [0x0000000774f80000,0x0000000774f80000,0x0000000775b00000)
 ParOldGen       total 126976K, used 28209K [0x00000006c2200000, 0x00000006c9e00000, 0x000000076b600000)
  object space 126976K, 22% used [0x00000006c2200000,0x00000006c3d8c448,0x00000006c9e00000)
 Metaspace       used 59715K, capacity 62816K, committed 63104K, reserved 1103872K
  class space    used 8433K, capacity 8963K, committed 9088K, reserved 1048576K
GC Heap History (10 events):
Event: 31.294 GC heap before
{Heap before GC invocations=11 (full 2):
 PSYoungGen      total 118784K, used 107008K [0x000000076b600000, 0x0000000773b80000, 0x00000007c0000000)
  eden space 107008K, 100% used [0x000000076b600000,0x0000000771e80000,0x0000000771e80000)
  from space 11776K, 0% used [0x0000000772a80000,0x0000000772a80000,0x0000000773600000)
  to   space 12288K, 0% used [0x0000000771e80000,0x0000000771e80000,0x0000000772a80000)
 ParOldGen       total 126976K, used 14957K [0x00000006c2200000, 0x00000006c9e00000, 0x000000076b600000)
  object space 126976K, 11% used [0x00000006c2200000,0x00000006c309b560,0x00000006c9e00000)
 Metaspace       used 37648K, capacity 39220K, committed 39296K, reserved 1083392K
  class space    used 5145K, capacity 5472K, committed 5504K, reserved 1048576K
Event: 31.304 GC heap after
Heap after GC invocations=11 (full 2):
 PSYoungGen      total 119296K, used 6521K [0x000000076b600000, 0x0000000776880000, 0x00000007c0000000)
  eden space 107008K, 0% used [0x000000076b600000,0x000000076b600000,0x0000000771e80000)
  from space 12288K, 53% used [0x0000000771e80000,0x00000007724de5d8,0x0000000772a80000)
  to   space 12288K, 0% used [0x0000000775c80000,0x0000000775c80000,0x0000000776880000)
 ParOldGen       total 126976K, used 14965K [0x00000006c2200000, 0x00000006c9e00000, 0x000000076b600000)
  object space 126976K, 11% used [0x00000006c2200000,0x00000006c309d560,0x00000006c9e00000)
 Metaspace       used 37648K, capacity 39220K, committed 39296K, reserved 1083392K
  class space    used 5145K, capacity 5472K, committed 5504K, reserved 1048576K
}
Event: 32.033 GC heap before
{Heap before GC invocations=12 (full 2):
 PSYoungGen      total 119296K, used 113529K [0x000000076b600000, 0x0000000776880000, 0x00000007c0000000)
  eden space 107008K, 100% used [0x000000076b600000,0x0000000771e80000,0x0000000771e80000)
  from space 12288K, 53% used [0x0000000771e80000,0x00000007724de5d8,0x0000000772a80000)
  to   space 12288K, 0% used [0x0000000775c80000,0x0000000775c80000,0x0000000776880000)
 ParOldGen       total 126976K, used 14965K [0x00000006c2200000, 0x00000006c9e00000, 0x000000076b600000)
  object space 126976K, 11% used [0x00000006c2200000,0x00000006c309d560,0x00000006c9e00000)
 Metaspace       used 40426K, capacity 42412K, committed 42496K, reserved 1085440K
  class space    used 5501K, capacity 5872K, committed 5888K, reserved 1048576K
Event: 32.041 GC heap after
Heap after GC invocations=12 (full 2):
 PSYoungGen      total 167424K, used 7075K [0x000000076b600000, 0x0000000776680000, 0x00000007c0000000)
  eden space 157184K, 0% used [0x000000076b600000,0x000000076b600000,0x0000000774f80000)
  from space 10240K, 69% used [0x0000000775c80000,0x0000000776368c08,0x0000000776680000)
  to   space 11776K, 0% used [0x0000000774f80000,0x0000000774f80000,0x0000000775b00000)
 ParOldGen       total 126976K, used 14973K [0x00000006c2200000, 0x00000006c9e00000, 0x000000076b600000)
  object space 126976K, 11% used [0x00000006c2200000,0x00000006c309f560,0x00000006c9e00000)
 Metaspace       used 40426K, capacity 42412K, committed 42496K, reserved 1085440K
  class space    used 5501K, capacity 5872K, committed 5888K, reserved 1048576K
}
Event: 33.716 GC heap before
{Heap before GC invocations=13 (full 2):
 PSYoungGen      total 167424K, used 164259K [0x000000076b600000, 0x0000000776680000, 0x00000007c0000000)
  eden space 157184K, 100% used [0x000000076b600000,0x0000000774f80000,0x0000000774f80000)
  from space 10240K, 69% used [0x0000000775c80000,0x0000000776368c08,0x0000000776680000)
  to   space 11776K, 0% used [0x0000000774f80000,0x0000000774f80000,0x0000000775b00000)
 ParOldGen       total 126976K, used 14973K [0x00000006c2200000, 0x00000006c9e00000, 0x000000076b600000)
  object space 126976K, 11% used [0x00000006c2200000,0x00000006c309f560,0x00000006c9e00000)
 Metaspace       used 50091K, capacity 52340K, committed 52736K, reserved 1095680K
  class space    used 6891K, capacity 7312K, committed 7424K, reserved 1048576K
Event: 33.732 GC heap after
Heap after GC invocations=13 (full 2):
 PSYoungGen      total 168960K, used 11762K [0x000000076b600000, 0x000000077b300000, 0x00000007c0000000)
  eden space 157184K, 0% used [0x000000076b600000,0x000000076b600000,0x0000000774f80000)
  from space 11776K, 99% used [0x0000000774f80000,0x0000000775afcbf0,0x0000000775b00000)
  to   space 14848K, 0% used [0x000000077a480000,0x000000077a480000,0x000000077b300000)
 ParOldGen       total 126976K, used 19609K [0x00000006c2200000, 0x00000006c9e00000, 0x000000076b600000)
  object space 126976K, 15% used [0x00000006c2200000,0x00000006c35266e0,0x00000006c9e00000)
 Metaspace       used 50091K, capacity 52340K, committed 52736K, reserved 1095680K
  class space    used 6891K, capacity 7312K, committed 7424K, reserved 1048576K
}
Event: 35.096 GC heap before
{Heap before GC invocations=14 (full 2):
 PSYoungGen      total 168960K, used 148774K [0x000000076b600000, 0x000000077b300000, 0x00000007c0000000)
  eden space 157184K, 87% used [0x000000076b600000,0x0000000773bccd18,0x0000000774f80000)
  from space 11776K, 99% used [0x0000000774f80000,0x0000000775afcbf0,0x0000000775b00000)
  to   space 14848K, 0% used [0x000000077a480000,0x000000077a480000,0x000000077b300000)
 ParOldGen       total 126976K, used 19609K [0x00000006c2200000, 0x00000006c9e00000, 0x000000076b600000)
  object space 126976K, 15% used [0x00000006c2200000,0x00000006c35266e0,0x00000006c9e00000)
 Metaspace       used 56565K, capacity 58918K, committed 59096K, reserved 1099776K
  class space    used 7908K, capacity 8351K, committed 8448K, reserved 1048576K
Event: 35.113 GC heap after
Heap after GC invocations=14 (full 2):
 PSYoungGen      total 172032K, used 14830K [0x000000076b600000, 0x000000077b300000, 0x00000007c0000000)
  eden space 157184K, 0% used [0x000000076b600000,0x000000076b600000,0x0000000774f80000)
  from space 14848K, 99% used [0x000000077a480000,0x000000077b2fbbc0,0x000000077b300000)
  to   space 11776K, 0% used [0x0000000774f80000,0x0000000774f80000,0x0000000775b00000)
 ParOldGen       total 126976K, used 21701K [0x00000006c2200000, 0x00000006c9e00000, 0x000000076b600000)
  object space 126976K, 17% used [0x00000006c2200000,0x00000006c3731580,0x00000006c9e00000)
 Metaspace       used 56565K, capacity 58918K, committed 59096K, reserved 1099776K
  class space    used 7908K, capacity 8351K, committed 8448K, reserved 1048576K
}
Event: 35.113 GC heap before
{Heap before GC invocations=15 (full 3):
 PSYoungGen      total 172032K, used 14830K [0x000000076b600000, 0x000000077b300000, 0x00000007c0000000)
  eden space 157184K, 0% used [0x000000076b600000,0x000000076b600000,0x0000000774f80000)
  from space 14848K, 99% used [0x000000077a480000,0x000000077b2fbbc0,0x000000077b300000)
  to   space 11776K, 0% used [0x0000000774f80000,0x0000000774f80000,0x0000000775b00000)
 ParOldGen       total 126976K, used 21701K [0x00000006c2200000, 0x00000006c9e00000, 0x000000076b600000)
  object space 126976K, 17% used [0x00000006c2200000,0x00000006c3731580,0x00000006c9e00000)
 Metaspace       used 56565K, capacity 58918K, committed 59096K, reserved 1099776K
  class space    used 7908K, capacity 8351K, committed 8448K, reserved 1048576K
Event: 35.417 GC heap after
Heap after GC invocations=15 (full 3):
 PSYoungGen      total 172032K, used 0K [0x000000076b600000, 0x000000077b300000, 0x00000007c0000000)
  eden space 157184K, 0% used [0x000000076b600000,0x000000076b600000,0x0000000774f80000)
  from space 14848K, 0% used [0x000000077a480000,0x000000077a480000,0x000000077b300000)
  to   space 11776K, 0% used [0x0000000774f80000,0x0000000774f80000,0x0000000775b00000)
 ParOldGen       total 126976K, used 28209K [0x00000006c2200000, 0x00000006c9e00000, 0x000000076b600000)
  object space 126976K, 22% used [0x00000006c2200000,0x00000006c3d8c448,0x00000006c9e00000)
 Metaspace       used 56565K, capacity 58918K, committed 59096K, reserved 1099776K
  class space    used 7908K, capacity 8351K, committed 8448K, reserved 1048576K
}

