# JRE version: Java(TM) SE Runtime Environment (8.0_131-b11) (build 1.8.0_131-b11)
# Java VM: Java HotSpot(TM) 64-Bit Server VM (25.131-b11 mixed mode windows-amd64 compressed oops)
Heap:
 PSYoungGen      total 365056K, used 129308K [0x000000076b600000, 0x0000000782f80000, 0x00000007c0000000)
  eden space 350720K, 32% used [0x000000076b600000,0x0000000772649af8,0x0000000780c80000)
  from space 14336K, 99% used [0x0000000781e00000,0x0000000782bfd598,0x0000000782c00000)
  to   space 17920K, 0% used [0x0000000780c80000,0x0000000780c80000,0x0000000781e00000)
 ParOldGen       total 92160K, used 30145K [0x00000006c2200000, 0x00000006c7c00000, 0x000000076b600000)
  object space 92160K, 32% used [0x00000006c2200000,0x00000006c3f70520,0x00000006c7c00000)
 Metaspace       used 66958K, capacity 70844K, committed 71128K, reserved 1110016K
  class space    used 9491K, capacity 10153K, committed 10200K, reserved 1048576K
GC Heap History (10 events):
Event: 13.599 GC heap before
{Heap before GC invocations=11 (full 2):
 PSYoungGen      total 246784K, used 233984K [0x000000076b600000, 0x000000077b680000, 0x00000007c0000000)
  eden space 233984K, 100% used [0x000000076b600000,0x0000000779a80000,0x0000000779a80000)
  from space 12800K, 0% used [0x000000077a700000,0x000000077a700000,0x000000077b380000)
  to   space 12800K, 0% used [0x0000000779a80000,0x0000000779a80000,0x000000077a700000)
 ParOldGen       total 92160K, used 13733K [0x00000006c2200000, 0x00000006c7c00000, 0x000000076b600000)
  object space 92160K, 14% used [0x00000006c2200000,0x00000006c2f697f0,0x00000006c7c00000)
 Metaspace       used 41244K, capacity 43378K, committed 43520K, reserved 1087488K
  class space    used 5678K, capacity 6081K, committed 6144K, reserved 1048576K
Event: 13.606 GC heap after
Heap after GC invocations=11 (full 2):
 PSYoungGen      total 246784K, used 12771K [0x000000076b600000, 0x0000000782c00000, 0x00000007c0000000)
  eden space 233984K, 0% used [0x000000076b600000,0x000000076b600000,0x0000000779a80000)
  from space 12800K, 99% used [0x0000000779a80000,0x000000077a6f8c28,0x000000077a700000)
  to   space 14336K, 0% used [0x0000000781e00000,0x0000000781e00000,0x0000000782c00000)
 ParOldGen       total 92160K, used 14558K [0x00000006c2200000, 0x00000006c7c00000, 0x000000076b600000)
  object space 92160K, 15% used [0x00000006c2200000,0x00000006c3037868,0x00000006c7c00000)
 Metaspace       used 41244K, capacity 43378K, committed 43520K, reserved 1087488K
  class space    used 5678K, capacity 6081K, committed 6144K, reserved 1048576K
}
Event: 14.420 GC heap before
{Heap before GC invocations=12 (full 2):
 PSYoungGen      total 246784K, used 246755K [0x000000076b600000, 0x0000000782c00000, 0x00000007c0000000)
  eden space 233984K, 100% used [0x000000076b600000,0x0000000779a80000,0x0000000779a80000)
  from space 12800K, 99% used [0x0000000779a80000,0x000000077a6f8c28,0x000000077a700000)
  to   space 14336K, 0% used [0x0000000781e00000,0x0000000781e00000,0x0000000782c00000)
 ParOldGen       total 92160K, used 14558K [0x00000006c2200000, 0x00000006c7c00000, 0x000000076b600000)
  object space 92160K, 15% used [0x00000006c2200000,0x00000006c3037868,0x00000006c7c00000)
 Metaspace       used 51888K, capacity 54220K, committed 54528K, reserved 1095680K
  class space    used 7151K, capacity 7588K, committed 7680K, reserved 1048576K
Event: 14.429 GC heap after
Heap after GC invocations=12 (full 2):
 PSYoungGen      total 365056K, used 14326K [0x000000076b600000, 0x0000000782f80000, 0x00000007c0000000)
  eden space 350720K, 0% used [0x000000076b600000,0x000000076b600000,0x0000000780c80000)
  from space 14336K, 99% used [0x0000000781e00000,0x0000000782bfdab0,0x0000000782c00000)
  to   space 17920K, 0% used [0x0000000780c80000,0x0000000780c80000,0x0000000781e00000)
 ParOldGen       total 92160K, used 19831K [0x00000006c2200000, 0x00000006c7c00000, 0x000000076b600000)
  object space 92160K, 21% used [0x00000006c2200000,0x00000006c355dff0,0x00000006c7c00000)
 Metaspace       used 51888K, capacity 54220K, committed 54528K, reserved 1095680K
  class space    used 7151K, capacity 7588K, committed 7680K, reserved 1048576K
}
Event: 14.736 GC heap before
{Heap before GC invocations=13 (full 2):
 PSYoungGen      total 365056K, used 107429K [0x000000076b600000, 0x0000000782f80000, 0x00000007c0000000)
  eden space 350720K, 26% used [0x000000076b600000,0x00000007710ebb18,0x0000000780c80000)
  from space 14336K, 99% used [0x0000000781e00000,0x0000000782bfdab0,0x0000000782c00000)
  to   space 17920K, 0% used [0x0000000780c80000,0x0000000780c80000,0x0000000781e00000)
 ParOldGen       total 92160K, used 19831K [0x00000006c2200000, 0x00000006c7c00000, 0x000000076b600000)
  object space 92160K, 21% used [0x00000006c2200000,0x00000006c355dff0,0x00000006c7c00000)
 Metaspace       used 56557K, capacity 58878K, committed 59096K, reserved 1099776K
  class space    used 7899K, capacity 8357K, committed 8408K, reserved 1048576K
Event: 14.744 GC heap after
Heap after GC invocations=13 (full 2):
 PSYoungGen      total 368640K, used 5355K [0x000000076b600000, 0x0000000782f80000, 0x00000007c0000000)
  eden space 350720K, 0% used [0x000000076b600000,0x000000076b600000,0x0000000780c80000)
  from space 17920K, 29% used [0x0000000780c80000,0x00000007811bad50,0x0000000781e00000)
  to   space 14336K, 0% used [0x0000000781e00000,0x0000000781e00000,0x0000000782c00000)
 ParOldGen       total 92160K, used 30943K [0x00000006c2200000, 0x00000006c7c00000, 0x000000076b600000)
  object space 92160K, 33% used [0x00000006c2200000,0x00000006c4037e00,0x00000006c7c00000)
 Metaspace       used 56557K, capacity 58878K, committed 59096K, reserved 1099776K
  class space    used 7899K, capacity 8357K, committed 8408K, reserved 1048576K
}
Event: 14.744 GC heap before
{Heap before GC invocations=14 (full 3):
 PSYoungGen      total 368640K, used 5355K [0x000000076b600000, 0x0000000782f80000, 0x00000007c0000000)
  eden space 350720K, 0% used [0x000000076b600000,0x000000076b600000,0x0000000780c80000)
  from space 17920K, 29% used [0x0000000780c80000,0x00000007811bad50,0x0000000781e00000)
  to   space 14336K, 0% used [0x0000000781e00000,0x0000000781e00000,0x0000000782c00000)
 ParOldGen       total 92160K, used 30943K [0x00000006c2200000, 0x00000006c7c00000, 0x000000076b600000)
  object space 92160K, 33% used [0x00000006c2200000,0x00000006c4037e00,0x00000006c7c00000)
 Metaspace       used 56557K, capacity 58878K, committed 59096K, reserved 1099776K
  class space    used 7899K, capacity 8357K, committed 8408K, reserved 1048576K
Event: 14.884 GC heap after
Heap after GC invocations=14 (full 3):
 PSYoungGen      total 368640K, used 0K [0x000000076b600000, 0x0000000782f80000, 0x00000007c0000000)
  eden space 350720K, 0% used [0x000000076b600000,0x000000076b600000,0x0000000780c80000)
  from space 17920K, 0% used [0x0000000780c80000,0x0000000780c80000,0x0000000781e00000)
  to   space 14336K, 0% used [0x0000000781e00000,0x0000000781e00000,0x0000000782c00000)
 ParOldGen       total 92160K, used 28123K [0x00000006c2200000, 0x00000006c7c00000, 0x000000076b600000)
  object space 92160K, 30% used [0x00000006c2200000,0x00000006c3d76f10,0x00000006c7c00000)
 Metaspace       used 56557K, capacity 58878K, committed 59096K, reserved 1099776K
  class space    used 7899K, capacity 8357K, committed 8408K, reserved 1048576K
}
Event: 19.257 GC heap before
{Heap before GC invocations=15 (full 3):
 PSYoungGen      total 368640K, used 350720K [0x000000076b600000, 0x0000000782f80000, 0x00000007c0000000)
  eden space 350720K, 100% used [0x000000076b600000,0x0000000780c80000,0x0000000780c80000)
  from space 17920K, 0% used [0x0000000780c80000,0x0000000780c80000,0x0000000781e00000)
  to   space 14336K, 0% used [0x0000000781e00000,0x0000000781e00000,0x0000000782c00000)
 ParOldGen       total 92160K, used 28123K [0x00000006c2200000, 0x00000006c7c00000, 0x000000076b600000)
  object space 92160K, 30% used [0x00000006c2200000,0x00000006c3d76f10,0x00000006c7c00000)
 Metaspace       used 64380K, capacity 68070K, committed 68184K, reserved 1107968K
  class space    used 9120K, capacity 9766K, committed 9816K, reserved 1048576K
Event: 19.265 GC heap after
Heap after GC invocations=15 (full 3):
 PSYoungGen      total 365056K, used 14325K [0x000000076b600000, 0x0000000782f80000, 0x00000007c0000000)
  eden space 350720K, 0% used [0x000000076b600000,0x000000076b600000,0x0000000780c80000)
  from space 14336K, 99% used [0x0000000781e00000,0x0000000782bfd598,0x0000000782c00000)
  to   space 17920K, 0% used [0x0000000780c80000,0x0000000780c80000,0x0000000781e00000)
 ParOldGen       total 92160K, used 30145K [0x00000006c2200000, 0x00000006c7c00000, 0x000000076b600000)
  object space 92160K, 32% used [0x00000006c2200000,0x00000006c3f70520,0x00000006c7c00000)
 Metaspace       used 64380K, capacity 68070K, committed 68184K, reserved 1107968K
  class space    used 9120K, capacity 9766K, committed 9816K, reserved 1048576K
}

